<?xml version="1.0" encoding="UTF-8"?>
<testng-results skipped="0" failed="0" total="1" passed="1">
  <reporter-output>
  </reporter-output>
  <suite name="Default suite" duration-ms="7919" started-at="2019-06-03T13:00:48Z" finished-at="2019-06-03T13:00:56Z">
    <groups>
      <group name="cucumber">
        <method signature="Test_Runner.feature(cucumber.api.testng.CucumberFeatureWrapper)[pri:0, instance:test.Test_Runner@18be83e4]" name="feature" class="test.Test_Runner"/>
      </group> <!-- cucumber -->
    </groups>
    <test name="Default test" duration-ms="7919" started-at="2019-06-03T13:00:48Z" finished-at="2019-06-03T13:00:56Z">
      <class name="test.Test_Runner">
        <test-method status="PASS" signature="setUpClass()[pri:0, instance:test.Test_Runner@18be83e4]" name="setUpClass" is-config="true" duration-ms="266" started-at="2019-06-03T18:30:48Z" finished-at="2019-06-03T18:30:48Z">
          <reporter-output>
          </reporter-output>
        </test-method> <!-- setUpClass -->
        <test-method status="PASS" signature="feature(cucumber.api.testng.CucumberFeatureWrapper)[pri:0, instance:test.Test_Runner@18be83e4]" name="feature" duration-ms="7200" started-at="2019-06-03T18:30:49Z" description="Runs Cucumber Feature" data-provider="features" finished-at="2019-06-03T18:30:56Z">
          <params>
            <param index="0">
              <value>
                <![CDATA[Complete Scenario for User Administration.]]>
              </value>
            </param>
          </params>
          <reporter-output>
          </reporter-output>
        </test-method> <!-- feature -->
        <test-method status="PASS" signature="tearDownClass()[pri:0, instance:test.Test_Runner@18be83e4]" name="tearDownClass" is-config="true" duration-ms="375" started-at="2019-06-03T18:30:56Z" finished-at="2019-06-03T18:30:56Z">
          <reporter-output>
          </reporter-output>
        </test-method> <!-- tearDownClass -->
        <test-method status="FAIL" signature="mailcall()[pri:0, instance:test.Test_Runner@18be83e4]" name="mailcall" is-config="true" duration-ms="0" started-at="2019-06-03T18:30:56Z" finished-at="2019-06-03T18:30:56Z">
          <exception class="java.lang.NoSuchMethodError">
            <message>
              <![CDATA[com.sun.mail.util.TraceInputStream.<init>(Ljava/io/InputStream;Lcom/sun/mail/util/MailLogger;)V]]>
            </message>
            <full-stacktrace>
              <![CDATA[java.lang.NoSuchMethodError: com.sun.mail.util.TraceInputStream.<init>(Ljava/io/InputStream;Lcom/sun/mail/util/MailLogger;)V
	at com.sun.mail.smtp.SMTPTransport.initStreams(SMTPTransport.java:2265)
	at com.sun.mail.smtp.SMTPTransport.openServer(SMTPTransport.java:2184)
	at com.sun.mail.smtp.SMTPTransport.protocolConnect(SMTPTransport.java:740)
	at javax.mail.Service.connect(Service.java:313)
	at javax.mail.Service.connect(Service.java:172)
	at javax.mail.Service.connect(Service.java:121)
	at javax.mail.Transport.send0(Transport.java:190)
	at javax.mail.Transport.send(Transport.java:120)
	at test.Emailtest.send(Emailtest.java:132)
	at test.Emailtest.onFinish(Emailtest.java:83)
	at test.Test_Runner.mailcall(Test_Runner.java:103)
	at sun.reflect.NativeMethodAccessorImpl.invoke0(Native Method)
	at sun.reflect.NativeMethodAccessorImpl.invoke(NativeMethodAccessorImpl.java:62)
	at sun.reflect.DelegatingMethodAccessorImpl.invoke(DelegatingMethodAccessorImpl.java:43)
	at java.lang.reflect.Method.invoke(Method.java:498)
	at org.testng.internal.MethodInvocationHelper.invokeMethod(MethodInvocationHelper.java:86)
	at org.testng.internal.Invoker.invokeConfigurationMethod(Invoker.java:514)
	at org.testng.internal.Invoker.invokeConfigurations(Invoker.java:215)
	at org.testng.internal.Invoker.invokeConfigurations(Invoker.java:142)
	at org.testng.SuiteRunner.privateRun(SuiteRunner.java:336)
	at org.testng.SuiteRunner.run(SuiteRunner.java:268)
	at org.testng.SuiteRunnerWorker.runSuite(SuiteRunnerWorker.java:52)
	at org.testng.SuiteRunnerWorker.run(SuiteRunnerWorker.java:86)
	at org.testng.TestNG.runSuitesSequentially(TestNG.java:1244)
	at org.testng.TestNG.runSuitesLocally(TestNG.java:1169)
	at org.testng.TestNG.run(TestNG.java:1064)
	at org.testng.remote.RemoteTestNG.run(RemoteTestNG.java:113)
	at org.testng.remote.RemoteTestNG.initAndRun(RemoteTestNG.java:206)
	at org.testng.remote.RemoteTestNG.main(RemoteTestNG.java:177)
]]>
            </full-stacktrace>
          </exception> <!-- java.lang.NoSuchMethodError -->
          <reporter-output>
          </reporter-output>
        </test-method> <!-- mailcall -->
      </class> <!-- test.Test_Runner -->
    </test> <!-- Default test -->
  </suite> <!-- Default suite -->
</testng-results>
